  正在清理远程项目目录
  正在验证源
  正在将源远程复制到“192.168.153.131”
  正在验证体系结构
  正在验证体系结构
  正在启动远程生成
  正在编译源:
  ClientOP.cpp
D:\filesForCpp\Project\myClientOP\myClientOP\ClientOP.cpp(26,46): warning : conversion from ‘Json::Value::Int’ {aka ‘int’} to ‘short unsigned int’ may change value [-Wconversion]
D:\filesForCpp\Project\myClientOP\myClientOP\ClientOP.cpp(26,46): warning :    26 |  m_info.serverPort = root["ServerPort"].asInt();
D:\filesForCpp\Project\myClientOP\myClientOP\ClientOP.cpp(26,46): warning :       |                      ~~~~~~~~~~~~~~~~~~~~~~~~^~
D:\filesForCpp\Project\myClientOP\myClientOP\ClientOP.cpp(63,9): warning : deleting object of abstract class type ‘Codec’ which has non-virtual destructor will cause undefined behavior [-Wdelete-non-virtual-dtor]
D:\filesForCpp\Project\myClientOP\myClientOP\ClientOP.cpp(63,9): warning :    63 |  delete c;
D:\filesForCpp\Project\myClientOP\myClientOP\ClientOP.cpp(63,9): warning :       |         ^
D:\filesForCpp\Project\myClientOP\myClientOP\ClientOP.cpp(92,9): warning : deleting object of abstract class type ‘Codec’ which has non-virtual destructor will cause undefined behavior [-Wdelete-non-virtual-dtor]
D:\filesForCpp\Project\myClientOP\myClientOP\ClientOP.cpp(92,9): warning :    92 |  delete c;
D:\filesForCpp\Project\myClientOP\myClientOP\ClientOP.cpp(92,9): warning :       |         ^
  Codec.cpp
  CodecFactoryBase.cpp
  main.cpp
  msg.pb.cc
  myHash.cpp
  myRSA.cpp
D:\filesForCpp\Project\myClientOP\myClientOP\myRSA.cpp(54,40): warning : conversion from ‘std::__cxx11::basic_string<char>::size_type’ {aka ‘long unsigned int’} to ‘int’ may change value [-Wconversion]
D:\filesForCpp\Project\myClientOP\myClientOP\myRSA.cpp(54,40): warning :    54 |  int ret = RSA_public_encrypt(data.size(), (const unsigned char*)data.data(),
D:\filesForCpp\Project\myClientOP\myClientOP\myRSA.cpp(54,40): warning :       |                               ~~~~~~~~~^~
D:\filesForCpp\Project\myClientOP\myClientOP\myRSA.cpp(75,43): warning : conversion from ‘std::__cxx11::basic_string<char>::size_type’ {aka ‘long unsigned int’} to ‘int’ may change value [-Wconversion]
D:\filesForCpp\Project\myClientOP\myClientOP\myRSA.cpp(75,43): warning :    75 |  int ret = RSA_public_decrypt(encData.size(), (const unsigned char*)encData.data(),
D:\filesForCpp\Project\myClientOP\myClientOP\myRSA.cpp(75,43): warning :       |                               ~~~~~~~~~~~~^~
D:\filesForCpp\Project\myClientOP\myClientOP\myRSA.cpp(102,14): warning : conversion from ‘std::__cxx11::basic_string<char>::size_type’ {aka ‘long unsigned int’} to ‘unsigned int’ may change value [-Wconversion]
D:\filesForCpp\Project\myClientOP\myClientOP\myRSA.cpp(102,14): warning :   102 |     data.size(), (unsigned char*)signBuf, &outLen, m_privateKey);
D:\filesForCpp\Project\myClientOP\myClientOP\myRSA.cpp(102,14): warning :       |     ~~~~~~~~~^~
D:\filesForCpp\Project\myClientOP\myClientOP\myRSA.cpp(116,74): warning : conversion from ‘std::__cxx11::basic_string<char>::size_type’ {aka ‘long unsigned int’} to ‘unsigned int’ may change value [-Wconversion]
D:\filesForCpp\Project\myClientOP\myClientOP\myRSA.cpp(116,74): warning :   116 |  int ret = RSA_verify(level, (const unsigned char*)data.data(), data.size(),
D:\filesForCpp\Project\myClientOP\myClientOP\myRSA.cpp(116,74): warning :       |                                                                 ~~~~~~~~~^~
D:\filesForCpp\Project\myClientOP\myClientOP\myRSA.cpp(117,55): warning : conversion from ‘std::__cxx11::basic_string<char>::size_type’ {aka ‘long unsigned int’} to ‘unsigned int’ may change value [-Wconversion]
D:\filesForCpp\Project\myClientOP\myClientOP\myRSA.cpp(117,55): warning :   117 |   (const unsigned char*)signData.data(), signData.size(), m_publicKey);
D:\filesForCpp\Project\myClientOP\myClientOP\myRSA.cpp(117,55): warning :       |                                          ~~~~~~~~~~~~~^~
  RequestCodec.cpp
  RequestFactory.cpp
  RespondCodec.cpp
  RespondFactory.cpp
  TCPSocket.cpp
D:\filesForCpp\Project\myClientOP\myClientOP\TCPSocket.cpp(47,48): warning : conversion from ‘std::__cxx11::basic_string<char>::size_type’ {aka ‘long unsigned int’} to ‘int’ may change value [-Wconversion]
D:\filesForCpp\Project\myClientOP\myClientOP\TCPSocket.cpp(47,48): warning :    47 |   int writenLen = 0, dataLen = sendData.size() + 4;
D:\filesForCpp\Project\myClientOP\myClientOP\TCPSocket.cpp(47,48): warning :       |                                ~~~~~~~~~~~~~~~~^~~
D:\filesForCpp\Project\myClientOP\myClientOP\TCPSocket.cpp(53,35): warning : conversion from ‘std::__cxx11::basic_string<char>::size_type’ {aka ‘long unsigned int’} to ‘uint32_t’ {aka ‘unsigned int’} may change value [-Wconversion]
D:\filesForCpp\Project\myClientOP\myClientOP\TCPSocket.cpp(53,35): warning :    53 |   int netLen = htonl(sendData.size()); // uint32_t
D:\filesForCpp\Project\myClientOP\myClientOP\TCPSocket.cpp(53,35): warning :       |                      ~~~~~~~~~~~~~^~
D:\filesForCpp\Project\myClientOP\myClientOP\TCPSocket.cpp(184,17): warning : conversion from ‘size_t’ {aka ‘long unsigned int’} to ‘int’ may change value [-Wconversion]
D:\filesForCpp\Project\myClientOP\myClientOP\TCPSocket.cpp(184,17): warning :   184 |    return count - nleft;
D:\filesForCpp\Project\myClientOP\myClientOP\TCPSocket.cpp(184,17): warning :       |           ~~~~~~^~~~~~~
  正在链接对象
  myClientOP.vcxproj -> D:\filesForCpp\Project\myClientOP\myClientOP\bin\x64\Debug\myClientOP.out
